#
# A fatal error has been detected by the Java Runtime Environment:
#
# java.lang.OutOfMemoryError: Cannot create GC thread. Out of system resources.
#
#  Internal Error (gcTaskThread.cpp:38), pid=2363, tid=140650941900544
#  Error: Cannot create GC thread. Out of system resources.
#
# JRE version: 6.0_17-b04
# Java VM: Java HotSpot(TM) 64-Bit Server VM (14.3-b01 mixed mode linux-amd64 )
# If you would like to submit a bug report, please visit:
#   http://java.sun.com/webapps/bugreport/crash.jsp
#

---------------  T H R E A D  ---------------

Current thread (0x00007febcc4d5000):  JavaThread "Unknown thread" [_thread_in_vm, id=2421, stack(0x00007febd8cde000,0x00007febd96df000)]

Stack: [0x00007febd8cde000,0x00007febd96df000],  sp=0x00007febd96dccd0,  free space=10235k
Native frames: (J=compiled Java code, j=interpreted, Vv=VM code, C=native code)
V  [libjvm.so+0x6bd1ef]
V  [libjvm.so+0x2be6c8]
V  [libjvm.so+0x33a2fd]
V  [libjvm.so+0x338e3e]
V  [libjvm.so+0x338bd3]
V  [libjvm.so+0x5a87c7]
V  [libjvm.so+0x697695]
V  [libjvm.so+0x69732a]
V  [libjvm.so+0x377cd0]
V  [libjvm.so+0x67f5af]
V  [libjvm.so+0x3def30]
C  [libmwjmi.so+0x6e029]  _Z9InitSunVMN5boost8optionalIKSt6vectorISsSaISsEEEE+0x1129
C  [libmwjmi.so+0x6eb5f]
C  [libmwjmi.so+0x6eca9]
C  [libmwjmi.so+0x5ceb1]  _Z7mljInitv+0x21
C  [libmwmcr.so+0x106205]
C  [libmwmcr.so+0xf8bf4]
C  [libmwmcr.so+0xf8d97]


---------------  P R O C E S S  ---------------

Java Threads: ( => current thread )

Other Threads:

=>0x00007febcc4d5000 (exited) JavaThread "Unknown thread" [_thread_in_vm, id=2421, stack(0x00007febd8cde000,0x00007febd96df000)]

VM state:not at safepoint (not fully initialized)

VM Mutex/Monitor currently owned by a thread: None

Dynamic libraries:
00400000-00406000 r-xp 00000000 fd:03 1839090                            /opt/software/matlabR2012a/bin/glnxa64/MATLAB
00606000-00607000 rw-p 00006000 fd:03 1839090                            /opt/software/matlabR2012a/bin/glnxa64/MATLAB
01979000-01ae5000 rw-p 00000000 00:00 0                                  [heap]
3324800000-3324820000 r-xp 00000000 fd:03 1962590                        /lib64/ld-2.12.so
3324a1f000-3324a20000 r--p 0001f000 fd:03 1962590                        /lib64/ld-2.12.so
3324a20000-3324a21000 rw-p 00020000 fd:03 1962590                        /lib64/ld-2.12.so
3324a21000-3324a22000 rw-p 00000000 00:00 0 
3324c00000-3324d89000 r-xp 00000000 fd:03 1962618                        /lib64/libc-2.12.so
3324d89000-3324f89000 ---p 00189000 fd:03 1962618                        /lib64/libc-2.12.so
3324f89000-3324f8d000 r--p 00189000 fd:03 1962618                        /lib64/libc-2.12.so
3324f8d000-3324f8e000 rw-p 0018d000 fd:03 1962618                        /lib64/libc-2.12.so
3324f8e000-3324f93000 rw-p 00000000 00:00 0 
3325000000-3325083000 r-xp 00000000 fd:03 1965476                        /lib64/libm-2.12.so
3325083000-3325282000 ---p 00083000 fd:03 1965476                        /lib64/libm-2.12.so
3325282000-3325283000 r--p 00082000 fd:03 1965476                        /lib64/libm-2.12.so
3325283000-3325284000 rw-p 00083000 fd:03 1965476                        /lib64/libm-2.12.so
3325800000-3325817000 r-xp 00000000 fd:03 1965472                        /lib64/libpthread-2.12.so
3325817000-3325a17000 ---p 00017000 fd:03 1965472                        /lib64/libpthread-2.12.so
3325a17000-3325a18000 r--p 00017000 fd:03 1965472                        /lib64/libpthread-2.12.so
3325a18000-3325a19000 rw-p 00018000 fd:03 1965472                        /lib64/libpthread-2.12.so
3325a19000-3325a1d000 rw-p 00000000 00:00 0 
3326000000-3326015000 r-xp 00000000 fd:03 1965944                        /lib64/libz.so.1.2.3
3326015000-3326214000 ---p 00015000 fd:03 1965944                        /lib64/libz.so.1.2.3
3326214000-3326215000 r--p 00014000 fd:03 1965944                        /lib64/libz.so.1.2.3
3326215000-3326216000 rw-p 00015000 fd:03 1965944                        /lib64/libz.so.1.2.3
3327c00000-3327c1b000 r-xp 00000000 fd:03 922799                         /usr/lib64/libxcb.so.1.1.0
3327c1b000-3327e1a000 ---p 0001b000 fd:03 922799                         /usr/lib64/libxcb.so.1.1.0
3327e1a000-3327e1b000 rw-p 0001a000 fd:03 922799                         /usr/lib64/libxcb.so.1.1.0
3328000000-3328002000 r-xp 00000000 fd:03 919730                         /usr/lib64/libXau.so.6.0.0
3328002000-3328202000 ---p 00002000 fd:03 919730                         /usr/lib64/libXau.so.6.0.0
3328202000-3328203000 rw-p 00002000 fd:03 919730                         /usr/lib64/libXau.so.6.0.0
332bc00000-332bc04000 r-xp 00000000 fd:03 1965478                        /lib64/libuuid.so.1.3.0
332bc04000-332be03000 ---p 00004000 fd:03 1965478                        /lib64/libuuid.so.1.3.0
332be03000-332be04000 rw-p 00003000 fd:03 1965478                        /lib64/libuuid.so.1.3.0
3330000000-333001d000 r-xp 00000000 fd:03 1966400                        /lib64/libtinfo.so.5.7
333001d000-333021d000 ---p 0001d000 fd:03 1966400                        /lib64/libtinfo.so.5.7
333021d000-3330221000 rw-p 0001d000 fd:03 1966400                        /lib64/libtinfo.so.5.7
3330c00000-3330c07000 r-xp 00000000 fd:03 944374                         /usr/lib64/libSM.so.6.0.0
3330c07000-3330e07000 ---p 00007000 fd:03 944374                         /usr/lib64/libSM.so.6.0.0
3330e07000-3330e08000 rw-p 00007000 fd:03 944374                         /usr/lib64/libSM.so.6.0.0
3331400000-3331417000 r-xp 00000000 fd:03 918699                         /usr/lib64/libICE.so.6.3.0
3331417000-3331617000 ---p 00017000 fd:03 918699                         /usr/lib64/libICE.so.6.3.0
3331617000-3331618000 rw-p 00017000 fd:03 918699                         /usr/lib64/libICE.so.6.3.0
3331618000-333161c000 rw-p 00000000 00:00 0 
3331800000-3331816000 r-xp 00000000 fd:03 1965945                        /lib64/libnsl-2.12.so
3331816000-3331a15000 ---p 00016000 fd:03 1965945                        /lib64/libnsl-2.12.so
3331a15000-3331a16000 r--p 00015000 fd:03 1965945                        /lib64/libnsl-2.12.so
3331a16000-3331a17000 rw-p 00016000 fd:03 1965945                        /lib64/libnsl-2.12.so
3331a17000-3331a19000 rw-p 00000000 00:00 0 
36cf200000-36cf218000 r-xp 00000000 fd:03 937513                         /usr/lib64/libXmu.so.6.2.0
36cf218000-36cf418000 ---p 00018000 fd:03 937513                         /usr/lib64/libXmu.so.6.2.0
36cf418000-36cf41a000 rw-p 00018000 fd:03 937513                         /usr/lib64/libXmu.so.6.2.0
36d3e00000-36d3e5f000 r-xp 00000000 fd:03 937556                         /usr/lib64/libXt.so.6.0.0
36d3e5f000-36d405e000 ---p 0005f000 fd:03 937556                         /usr/lib64/libXt.so.6.0.0
36d405e000-36d4064000 rw-p 0005e000 fd:03 937556                         /usr/lib64/libXt.so.6.0.0
36d4064000-36d4065000 rw-p 00000000 00:00 0 
36d5a00000-36d5a5d000 r-xp 00000000 fd:03 1978777                        /lib64/libfreebl3.so
36d5a5d000-36d5c5c000 ---p 0005d000 fd:03 1978777                        /lib64/libfreebl3.so
36d5c5c000-36d5c5d000 r--p 0005c000 fd:03 1978777                        /lib64/libfreebl3.so
36d5c5d000-36d5c5e000 rw-p 0005d000 fd:03 1978777                        /lib64/libfreebl3.so
36d5c5e000-36d5c62000 rw-p 00000000 00:00 0 
36d6e00000-36d6e07000 r-xp 00000000 fd:03 1979305                        /lib64/libcrypt-2.12.so
36d6e07000-36d7007000 ---p 00007000 fd:03 1979305                        /lib64/libcrypt-2.12.so
36d7007000-36d7008000 r--p 00007000 fd:03 1979305                        /lib64/libcrypt-2.12.so
36d7008000-36d7009000 rw-p 00008000 fd:03 1979305                        /lib64/libcrypt-2.12.so
36d7009000-36d7037000 rw-p 00000000 00:00 0 
3792e00000-3792e07000 r-xp 00000000 fd:03 1966886                        /lib64/librt-2.12.so
3792e07000-3793006000 ---p 00007000 fd:03 1966886                        /lib64/librt-2.12.so
3793006000-3793007000 r--p 00006000 fd:03 1966886                        /lib64/librt-2.12.so
3793007000-3793008000 rw-p 00007000 fd:03 1966886                        /lib64/librt-2.12.so
3793200000-3793202000 r-xp 00000000 fd:03 1965518                        /lib64/libdl-2.12.so
3793202000-3793402000 ---p 00002000 fd:03 1965518                        /lib64/libdl-2.12.so
3793402000-3793403000 r--p 00002000 fd:03 1965518                        /lib64/libdl-2.12.so
3793403000-3793404000 rw-p 00003000 fd:03 1965518                        /lib64/libdl-2.12.so
3799800000-3799811000 r-xp 00000000 fd:03 944152                         /usr/lib64/libXext.so.6.4.0
3799811000-3799a11000 ---p 00011000 fd:03 944152                         /usr/lib64/libXext.so.6.4.0
3799a11000-3799a12000 rw-p 00011000 fd:03 944152                         /usr/lib64/libXext.so.6.4.0
379c200000-379c222000 r-xp 00000000 fd:03 1965519                        /lib64/libncurses.so.5.7
379c222000-379c421000 ---p 00022000 fd:03 1965519                        /lib64/libncurses.so.5.7
379c421000-379c422000 rw-p 00021000 fd:03 1965519                        /lib64/libncurses.so.5.7
379e000000-379e139000 r-xp 00000000 fd:03 930335                         /usr/lib64/libX11.so.6.3.0
379e139000-379e339000 ---p 00139000 fd:03 930335                         /usr/lib64/libX11.so.6.3.0
379e339000-379e33f000 rw-p 00139000 fd:03 930335                         /usr/lib64/libX11.so.6.3.0
7feba0000000-7feba0021000 rw-p 00000000 00:00 0 
7feba0021000-7feba4000000 ---p 00000000 00:00 0 
7feba4000000-7feba4021000 rw-p 00000000 00:00 0 
7feba4021000-7feba8000000 ---p 00000000 00:00 0 
7feba8000000-7feba8021000 rw-p 00000000 00:00 0 
7feba8021000-7febac000000 ---p 00000000 00:00 0 
7febacc00000-7febae0c0000 rwxp 00000000 00:00 0 
7febae0c0000-7febb4c00000 rwxp 00000000 00:00 0 
7febb4c00000-7febb7c00000 rwxp 00000000 00:00 0 
7febb7c00000-7febbdf00000 rwxp 00000000 00:00 0 
7febbdf00000-7febbef00000 rwxp 00000000 00:00 0 
7febbef00000-7febc1000000 rwxp 00000000 00:00 0 
7febc1000000-7febc1270000 rwxp 00000000 00:00 0 
7febc1270000-7febc4000000 rwxp 00000000 00:00 0 
7febc4000000-7febc4021000 rw-p 00000000 00:00 0 
7febc4021000-7febc8000000 ---p 00000000 00:00 0 
7febc9754000-7febc9755000 ---p 00000000 00:00 0 
7febc9755000-7febc9855000 rwxp 00000000 00:00 0 
7febc9855000-7febc9856000 ---p 00000000 00:00 0 
7febc9856000-7febc9956000 rwxp 00000000 00:00 0 
7febc9956000-7febc9957000 ---p 00000000 00:00 0 
7febc9957000-7febc9a57000 rwxp 00000000 00:00 0 
7febc9a57000-7febc9a58000 ---p 00000000 00:00 0 
7febc9a58000-7febc9b58000 rwxp 00000000 00:00 0 
7febc9b58000-7febc9b59000 ---p 00000000 00:00 0 
7febc9b59000-7febc9c64000 rwxp 00000000 00:00 0 
7febc9c64000-7febc9c99000 rwxp 00000000 00:00 0 
7febc9c99000-7febc9cb1000 rwxp 00000000 00:00 0 
7febc9cb1000-7febc9ce2000 rwxp 00000000 00:00 0 
7febc9ce2000-7febc9ceb000 rwxp 00000000 00:00 0 
7febc9ceb000-7febc9cfb000 rwxp 00000000 00:00 0 
7febc9cfb000-7febc9d06000 rwxp 00000000 00:00 0 
7febc9d06000-7febc9dbc000 rwxp 00000000 00:00 0 
7febc9dbc000-7febc9dca000 r-xp 00000000 fd:03 1838130                    /opt/software/matlabR2012a/sys/java/jre/glnxa64/jre/lib/amd64/libzip.so
7febc9dca000-7febc9ecc000 ---p 0000e000 fd:03 1838130                    /opt/software/matlabR2012a/sys/java/jre/glnxa64/jre/lib/amd64/libzip.so
7febc9ecc000-7febc9ecf000 rw-p 00010000 fd:03 1838130                    /opt/software/matlabR2012a/sys/java/jre/glnxa64/jre/lib/amd64/libzip.so
7febc9ecf000-7febc9ed0000 rw-p 00000000 00:00 0 
7febc9ed0000-7febc9edc000 r-xp 00000000 fd:03 1978749                    /lib64/libnss_files-2.12.so
7febc9edc000-7febca0dc000 ---p 0000c000 fd:03 1978749                    /lib64/libnss_files-2.12.so
7febca0dc000-7febca0dd000 r--p 0000c000 fd:03 1978749                    /lib64/libnss_files-2.12.so
7febca0dd000-7febca0de000 rw-p 0000d000 fd:03 1978749                    /lib64/libnss_files-2.12.so
7febca0de000-7febca0e5000 r-xp 00000000 fd:03 1972801                    /opt/software/matlabR2012a/sys/java/jre/glnxa64/jre/lib/amd64/native_threads/libhpi.so
7febca0e5000-7febca1e6000 ---p 00007000 fd:03 1972801                    /opt/software/matlabR2012a/sys/java/jre/glnxa64/jre/lib/amd64/native_threads/libhpi.so
7febca1e6000-7febca1e8000 rw-p 00008000 fd:03 1972801                    /opt/software/matlabR2012a/sys/java/jre/glnxa64/jre/lib/amd64/native_threads/libhpi.so
7febca1e8000-7febca1ea000 rw-p 00000000 00:00 0 
7febca1ea000-7febca1eb000 r--p 00000000 00:00 0 
7febca1eb000-7febca1ec000 ---p 00000000 00:00 0 
7febca1ec000-7febcabec000 rwxp 00000000 00:00 0 
7febcabec000-7febcabed000 ---p 00000000 00:00 0 
7febcabed000-7febcb5ed000 rwxp 00000000 00:00 0 
7febcb5ed000-7febcbd4b000 r-xp 00000000 fd:03 1972810                    /opt/software/matlabR2012a/sys/java/jre/glnxa64/jre/lib/amd64/server/libjvm.so
7febcbd4b000-7febcbe4a000 ---p 0075e000 fd:03 1972810                    /opt/software/matlabR2012a/sys/java/jre/glnxa64/jre/lib/amd64/server/libjvm.so
7febcbe4a000-7febcbfc2000 rw-p 0075d000 fd:03 1972810                    /opt/software/matlabR2012a/sys/java/jre/glnxa64/jre/lib/amd64/server/libjvm.so
7febcbfc2000-7febcc000000 rw-p 00000000 00:00 0 
7febcc000000-7febcc52d000 rw-p 00000000 00:00 0 
7febcc52d000-7febd0000000 ---p 00000000 00:00 0 
7febd0000000-7febd0021000 rw-p 00000000 00:00 0 
7febd0021000-7febd4000000 ---p 00000000 00:00 0 
7febd4000000-7febd4021000 rw-p 00000000 00:00 0 
7febd4021000-7febd8000000 ---p 00000000 00:00 0 
7febd8015000-7febd8020000 rwxp 00000000 00:00 0 
7febd8020000-7febd8055000 rwxp 00000000 00:00 0 
7febd8055000-7febd806d000 rwxp 00000000 00:00 0 
7febd806d000-7febd809f000 rwxp 00000000 00:00 0 
7febd809f000-7febd80ac000 r-xp 00000000 fd:03 1838309                    /opt/software/matlabR2012a/sys/java/jre/glnxa64/jre/lib/amd64/libverify.so
7febd80ac000-7febd81ab000 ---p 0000d000 fd:03 1838309                    /opt/software/matlabR2012a/sys/java/jre/glnxa64/jre/lib/amd64/libverify.so
7febd81ab000-7febd81ae000 rw-p 0000c000 fd:03 1838309                    /opt/software/matlabR2012a/sys/java/jre/glnxa64/jre/lib/amd64/libverify.so
7febd81ae000-7febd81d7000 r-xp 00000000 fd:03 1838177                    /opt/software/matlabR2012a/sys/java/jre/glnxa64/jre/lib/amd64/libjava.so
7febd81d7000-7febd82d6000 ---p 00029000 fd:03 1838177                    /opt/software/matlabR2012a/sys/java/jre/glnxa64/jre/lib/amd64/libjava.so
7febd82d6000-7febd82dd000 rw-p 00028000 fd:03 1838177                    /opt/software/matlabR2012a/sys/java/jre/glnxa64/jre/lib/amd64/libjava.so
7febd82dd000-7febd82de000 ---p 00000000 00:00 0 
7febd82de000-7febd8cde000 rwxp 00000000 00:00 0 
7febd8cde000-7febd8ce1000 ---p 00000000 00:00 0 
7febd8ce1000-7febd96df000 rwxp 00000000 00:00 0 
7febd96df000-7febd97ff000 rw-p 00000000 00:00 0 
7febd97ff000-7febd9800000 ---p 00000000 00:00 0 
7febd9800000-7febd9fd0000 rwxp 00000000 00:00 0 
7febd9fd0000-7febd9fd2000 r-xp 00000000 fd:03 1838385                    /opt/software/matlabR2012a/bin/glnxa64/mklcompat.so
7febd9fd2000-7febda1d1000 ---p 00002000 fd:03 1838385                    /opt/software/matlabR2012a/bin/glnxa64/mklcompat.so
7febda1d1000-7febda1d2000 rw-p 00001000 fd:03 1838385                    /opt/software/matlabR2012a/bin/glnxa64/mklcompat.so
7febda1d2000-7febda291000 r-xp 00000000 fd:03 1837669                    /opt/software/matlabR2012a/sys/os/glnxa64/libiomp5.so
7febda291000-7febda490000 ---p 000bf000 fd:03 1837669                    /opt/software/matlabR2012a/sys/os/glnxa64/libiomp5.so
7febda490000-7febda499000 rw-p 000be000 fd:03 1837669                    /opt/software/matlabR2012a/sys/os/glnxa64/libiomp5.so
7febda499000-7febda4a0000 rw-p 00000000 00:00 0 
7febda4a0000-7febdc32b000 r-xp 00000000 fd:03 1838354                    /opt/software/matlabR2012a/bin/glnxa64/mkl.so
7febdc32b000-7febdc52b000 ---p 01e8b000 fd:03 1838354                    /opt/software/matlabR2012a/bin/glnxa64/mkl.so
7febdc52b000-7febdc56d000 rw-p 01e8b000 fd:03 1838354                    /opt/software/matlabR2012a/bin/glnxa64/mkl.so
7febdc56d000-7febdc572000 rw-p 00000000 00:00 0 
7febdc572000-7febe2403000 r--p 00000000 fd:03 944270                     /usr/lib/locale/locale-archive
7febe2403000-7febe240b000 rw-p 00000000 00:00 0 
7febe240b000-7febe2411000 r-xp 00000000 fd:03 1837653                    /opt/software/matlabR2012a/bin/glnxa64/libmwcolamd.so
7febe2411000-7febe2610000 ---p 00006000 fd:03 1837653                    /opt/software/matlabR2012a/bin/glnxa64/libmwcolamd.so
7febe2610000-7febe2611000 rw-p 00005000 fd:03 1837653                    /opt/software/matlabR2012a/bin/glnxa64/libmwcolamd.so
7febe2611000-7febe2619000 r-xp 00000000 fd:03 1837651                    /opt/software/matlabR2012a/bin/glnxa64/libmwamd.so
7febe2619000-7febe2818000 ---p 00008000 fd:03 1837651                    /opt/software/matlabR2012a/bin/glnxa64/libmwamd.so
7febe2818000-7febe2819000 rw-p 00007000 fd:03 1837651                    /opt/software/matlabR2012a/bin/glnxa64/libmwamd.so
7febe2819000-7febe281a000 rw-p 00000000 00:00 0 
7febe281a000-7febe285c000 r-xp 00000000 fd:03 1837654                    /opt/software/matlabR2012a/bin/glnxa64/libmwcholmod.so
7febe285c000-7febe2a5c000 ---p 00042000 fd:03 1837654                    /opt/software/matlabR2012a/bin/glnxa64/libmwcholmod.so
7febe2a5c000-7febe2a5d000 rw-p 00042000 fd:03 1837654                    /opt/software/matlabR2012a/bin/glnxa64/libmwcholmod.so
7febe2a5d000-7febe2a5e000 rw-p 00000000 00:00 0 
7febe2a5e000-7febe2a70000 r-xp 00000000 fd:03 1838394                    /opt/software/matlabR2012a/bin/glnxa64/libmwblas.so
7febe2a70000-7febe2c6f000 ---p 00012000 fd:03 1838394                    /opt/software/matlabR2012a/bin/glnxa64/libmwblas.so
7febe2c6f000-7febe2c71000 rw-p 00011000 fd:03 1838394                    /opt/software/matlabR2012a/bin/glnxa64/libmwblas.so
7febe2c71000-7febe2c73000 rw-p 00000000 00:00 0 
7febe2c73000-7febe2c77000 r-xp 00000000 fd:03 1838369                    /opt/software/matlabR2012a/bin/glnxa64/libmwompwrapper.so
7febe2c77000-7febe2e76000 ---p 00004000 fd:03 1838369                    /opt/software/matlabR2012a/bin/glnxa64/libmwompwrapper.so
7febe2e76000-7febe2e77000 rw-p 00003000 fd:03 1838369                    /opt/software/matlabR2012a/bin/glnxa64/libmwompwrapper.so
7febe2e77000-7febe2e80000 r-xp 00000000 fd:03 1838362                    /opt/software/matlabR2012a/bin/glnxa64/libmwbinder.so
7febe2e80000-7febe307f000 ---p 00009000 fd:03 1838362                    /opt/software/matlabR2012a/bin/glnxa64/libmwbinder.so
7febe307f000-7febe3080000 rw-p 00008000 fd:03 1838362                    /opt/software/matlabR2012a/bin/glnxa64/libmwbinder.so
7febe3080000-7febe3081000 rw-p 00000000 00:00 0 
7febe3081000-7febe3144000 r-xp 00000000 fd:03 1838403                    /opt/software/matlabR2012a/bin/glnxa64/libmwmathcore.so
7febe3144000-7febe3343000 ---p 000c3000 fd:03 1838403                    /opt/software/matlabR2012a/bin/glnxa64/libmwmathcore.so
7febe3343000-7febe3348000 rw-p 000c2000 fd:03 1838403                    /opt/software/matlabR2012a/bin/glnxa64/libmwmathcore.so
7febe3348000-7febe3349000 rw-p 00000000 00:00 0 
7febe3349000-7febe35ce000 r-xp 00000000 fd:03 1837603                    /opt/software/matlabR2012a/bin/glnxa64/libhdf5.so.6.0.5
7febe35ce000-7febe37ce000 ---p 00285000 fd:03 1837603                    /opt/software/matlabR2012a/bin/glnxa64/libhdf5.so.6.0.5
7febe37ce000-7febe37d9000 rw-p 00285000 fd:03 1837603                    /opt/software/matlabR2012a/bin/glnxa64/libhdf5.so.6.0.5
7febe37d9000-7febe37da000 rw-p 00000000 00:00 0 
7febe37da000-7febe37f5000 r-xp 00000000 fd:03 1837604                    /opt/software/matlabR2012a/bin/glnxa64/libhdf5_hl.so.6.0.5
7febe37f5000-7febe39f4000 ---p 0001b000 fd:03 1837604                    /opt/software/matlabR2012a/bin/glnxa64/libhdf5_hl.so.6.0.5
7febe39f4000-7febe39f5000 rw-p 0001a000 fd:03 1837604                    /opt/software/matlabR2012a/bin/glnxa64/libhdf5_hl.so.6.0.5
7febe39f5000-7febe3a08000 rw-p 00000000 00:00 0 
7febe3a08000-7febe3c89000 r-xp 00000000 fd:03 1837641                    /opt/software/matlabR2012a/sys/os/glnxa64/libXm.so.3.0.2
7febe3c89000-7febe3e89000 ---p 00281000 fd:03 1837641                    /opt/software/matlabR2012a/sys/os/glnxa64/libXm.so.3.0.2
7febe3e89000-7febe3eb3000 rw-p 00281000 fd:03 1837641                    /opt/software/matlabR2012a/sys/os/glnxa64/libXm.so.3.0.2
7febe3eb3000-7febe3eb4000 rw-p 00000000 00:00 0 
7febe3eb4000-7febe3ec1000 r-xp 00000000 fd:03 1838396                    /opt/software/matlabR2012a/bin/glnxa64/libmwgbt.so
7febe3ec1000-7febe40c1000 ---p 0000d000 fd:03 1838396                    /opt/software/matlabR2012a/bin/glnxa64/libmwgbt.so
7febe40c1000-7febe40c2000 rw-p 0000d000 fd:03 1838396                    /opt/software/matlabR2012a/bin/glnxa64/libmwgbt.so
7febe40c2000-7febe40c3000 rw-p 00000000 00:00 0 
7febe40c3000-7febe40f4000 r-xp 00000000 fd:03 1838370                    /opt/software/matlabR2012a/bin/glnxa64/libmwgbtutils.so
7febe40f4000-7febe42f3000 ---p 00031000 fd:03 1838370                    /opt/software/matlabR2012a/bin/glnxa64/libmwgbtutils.so
7febe42f3000-7febe42f9000 rw-p 00030000 fd:03 1838370                    /opt/software/matlabR2012a/bin/glnxa64/libmwgbtutils.so
7febe42f9000-7febe43aa000 r-xp 00000000 fd:03 1838387                    /opt/software/matlabR2012a/bin/glnxa64/libmwlapack.so
7febe43aa000-7febe45a9000 ---p 000b1000 fd:03 1838387                    /opt/software/matlabR2012a/bin/glnxa64/libmwlapack.so
7febe45a9000-7febe45b3000 rw-p 000b0000 fd:03 1838387                    /opt/software/matlabR2012a/bin/glnxa64/libmwlapack.so
7febe45b3000-7febe4803000 r-xp 00000000 fd:03 1838377                    /opt/software/matlabR2012a/bin/glnxa64/libmwhgdatatypes.so
7febe4803000-7febe4a02000 ---p 00250000 fd:03 1838377                    /opt/software/matlabR2012a/bin/glnxa64/libmwhgdatatypes.so
7febe4a02000-7febe4a1f000 rw-p 0024f000 fd:03 1838377                    /opt/software/matlabR2012a/bin/glnxa64/libmwhgdatatypes.so
7febe4a1f000-7febe4a21000 rw-p 00000000 00:00 0 
7febe4a21000-7febe4a52000 r-xp 00000000 fd:03 1838425                    /opt/software/matlabR2012a/bin/glnxa64/libmwhardcopy.so
7febe4a52000-7febe4c51000 ---p 00031000 fd:03 1838425                    /opt/software/matlabR2012a/bin/glnxa64/libmwhardcopy.so
7febe4c51000-7febe4c54000 rw-p 00030000 fd:03 1838425                    /opt/software/matlabR2012a/bin/glnxa64/libmwhardcopy.so
7febe4c54000-7febe4c64000 r-xp 00000000 fd:03 1838400                    /opt/software/matlabR2012a/bin/glnxa64/libmwgraphics_util.so
7febe4c64000-7febe4e63000 ---p 00010000 fd:03 1838400                    /opt/software/matlabR2012a/bin/glnxa64/libmwgraphics_util.so
7febe4e63000-7febe4e65000 rw-p 0000f000 fd:03 1838400                    /opt/software/matlabR2012a/bin/glnxa64/libmwgraphics_util.so
7febe4e65000-7febe4e66000 rw-p 00000000 00:00 0 
7febe4e66000-7febe4e7b000 r-xp 00000000 fd:03 1838392                    /opt/software/matlabR2012a/bin/glnxa64/libmwir_xfmr.so
7febe4e7b000-7febe507b000 ---p 00015000 fd:03 1838392                    /opt/software/matlabR2012a/bin/glnxa64/libmwir_xfmr.so
7febe507b000-7febe507c000 rw-p 00015000 fd:03 1838392                    /opt/software/matlabR2012a/bin/glnxa64/libmwir_xfmr.so
7febe507c000-7febe507e000 rw-p 00000000 00:00 0 
7febe507e000-7febe50e9000 r-xp 00000000 fd:03 1838378                    /opt/software/matlabR2012a/bin/glnxa64/libmwspmatrix.so
7febe50e9000-7febe52e9000 ---p 0006b000 fd:03 1838378                    /opt/software/matlabR2012a/bin/glnxa64/libmwspmatrix.so
7febe52e9000-7febe52ea000 rw-p 0006b000 fd:03 1838378                    /opt/software/matlabR2012a/bin/glnxa64/libmwspmatrix.so
7febe52ea000-7febe52eb000 rw-p 00000000 00:00 0 
7febe52eb000-7febe5310000 r-xp 00000000 fd:03 1838389                    /opt/software/matlabR2012a/bin/glnxa64/libmwm_pcodegen.so
7febe5310000-7febe5510000 ---p 00025000 fd:03 1838389                    /opt/software/matlabR2012a/bin/glnxa64/libmwm_pcodegen.so
7febe5510000-7febe5512000 rw-p 00025000 fd:03 1838389                    /opt/software/matlabR2012a/bin/glnxa64/libmwm_pcodegen.so
7febe5512000-7febe552b000 r-xp 00000000 fd:03 1838415                    /opt/software/matlabR2012a/bin/glnxa64/libmwm_pcodeio.so
7febe552b000-7febe572a000 ---p 00019000 fd:03 1838415                    /opt/software/matlabR2012a/bin/glnxa64/libmwm_pcodeio.so
7febe572a000-7febe572c000 rw-p 00018000 fd:03 1838415                    /opt/software/matlabR2012a/bin/glnxa64/libmwm_pcodeio.so
7febe572c000-7febe573c000 r-xp 00000000 fd:03 1838364                    /opt/software/matlabR2012a/bin/glnxa64/libmwmlib.so
7febe573c000-7febe593c000 ---p 00010000 fd:03 1838364                    /opt/software/matlabR2012a/bin/glnxa64/libmwmlib.so
7febe593c000-7febe593e000 rw-p 00010000 fd:03 1838364                    /opt/software/matlabR2012a/bin/glnxa64/libmwmlib.so
7febe593e000-7febe593f000 rw-p 00000000 00:00 0 
7febe593f000-7febe5968000 r-xp 00000000 fd:03 1838408                    /opt/software/matlabR2012a/bin/glnxa64/libmwmathrng.so
7febe5968000-7febe5b67000 ---p 00029000 fd:03 1838408                    /opt/software/matlabR2012a/bin/glnxa64/libmwmathrng.so
7febe5b67000-7febe5b69000 rw-p 00028000 fd:03 1838408                    /opt/software/matlabR2012a/bin/glnxa64/libmwmathrng.so
7febe5b69000-7febe5b6b000 rw-p 00000000 00:00 0 
7febe5b6b000-7febe5c20000 r-xp 00000000 fd:03 1838379                    /opt/software/matlabR2012a/bin/glnxa64/libmwmathutil.so
7febe5c20000-7febe5e1f000 ---p 000b5000 fd:03 1838379                    /opt/software/matlabR2012a/bin/glnxa64/libmwmathutil.so
7febe5e1f000-7febe5e20000 rw-p 000b4000 fd:03 1838379                    /opt/software/matlabR2012a/bin/glnxa64/libmwmathutil.so
7febe5e20000-7febe5e5c000 r-xp 00000000 fd:03 1838423                    /opt/software/matlabR2012a/bin/glnxa64/libmwprofiler.so
7febe5e5c000-7febe605b000 ---p 0003c000 fd:03 1838423                    /opt/software/matlabR2012a/bin/glnxa64/libmwprofiler.so
7febe605b000-7febe605e000 rw-p 0003b000 fd:03 1838423                    /opt/software/matlabR2012a/bin/glnxa64/libmwprofiler.so
7febe605e000-7febe605f000 rw-p 00000000 00:00 0 
7febe605f000-7febe60a9000 r-xp 00000000 fd:03 1837618                    /opt/software/matlabR2012a/bin/glnxa64/libmat.so
7febe60a9000-7febe62a9000 ---p 0004a000 fd:03 1837618                    /opt/software/matlabR2012a/bin/glnxa64/libmat.so
7febe62a9000-7febe62ad000 rw-p 0004a000 fd:03 1837618                    /opt/software/matlabR2012a/bin/glnxa64/libmat.so
7febe62ad000-7febe6665000 r-xp 00000000 fd:03 1837598                    /opt/software/matlabR2012a/bin/glnxa64/libxerces-c.so.27.0
7febe6665000-7febe6864000 ---p 003b8000 fd:03 1837598                    /opt/software/matlabR2012a/bin/glnxa64/libxerces-c.so.27.0
7febe6864000-7febe68a8000 rw-p 003b7000 fd:03 1837598                    /opt/software/matlabR2012a/bin/glnxa64/libxerces-c.so.27.0
7febe68a8000-7febe68aa000 rw-p 00000000 00:00 0 
7febe68aa000-7febe691c000 r-xp 00000000 fd:03 1838388                    /opt/software/matlabR2012a/bin/glnxa64/libmwxmlcore.so
7febe691c000-7febe6b1b000 ---p 00072000 fd:03 1838388                    /opt/software/matlabR2012a/bin/glnxa64/libmwxmlcore.so
7febe6b1b000-7febe6b23000 rw-p 00071000 fd:03 1838388                    /opt/software/matlabR2012a/bin/glnxa64/libmwxmlcore.so
7febe6b23000-7febe6b24000 rw-p 00000000 00:00 0 
7febe6b24000-7febe6b39000 r-xp 00000000 fd:03 1837498                    /opt/software/matlabR2012a/bin/glnxa64/libboost_iostreams.so.1.44.0
7febe6b39000-7febe6d39000 ---p 00015000 fd:03 1837498                    /opt/software/matlabR2012a/bin/glnxa64/libboost_iostreams.so.1.44.0
7febe6d39000-7febe6d3b000 rw-p 00015000 fd:03 1837498                    /opt/software/matlabR2012a/bin/glnxa64/libboost_iostreams.so.1.44.0
7febe6d3b000-7febe6d3c000 rw-p 00000000 00:00 0 
7febe6d3c000-7febe6eb2000 r-xp 00000000 fd:03 1838420                    /opt/software/matlabR2012a/bin/glnxa64/libmwuix.so
7febe6eb2000-7febe70b2000 ---p 00176000 fd:03 1838420                    /opt/software/matlabR2012a/bin/glnxa64/libmwuix.so
7febe70b2000-7febe70c7000 rw-p 00176000 fd:03 1838420                    /opt/software/matlabR2012a/bin/glnxa64/libmwuix.so
7febe70c7000-7febe70cc000 rw-p 00000000 00:00 0 
7febe70cc000-7febe712c000 r-xp 00000000 fd:03 1838399                    /opt/software/matlabR2012a/bin/glnxa64/libmwm_ir.so
7febe712c000-7febe732b000 ---p 00060000 fd:03 1838399                    /opt/software/matlabR2012a/bin/glnxa64/libmwm_ir.so
7febe732b000-7febe7334000 rw-p 0005f000 fd:03 1838399                    /opt/software/matlabR2012a/bin/glnxa64/libmwm_ir.so
7febe7334000-7febe7339000 r-xp 00000000 fd:03 1838421                    /opt/software/matlabR2012a/bin/glnxa64/libmwuinone.so
7febe7339000-7febe7539000 ---p 00005000 fd:03 1838421                    /opt/software/matlabR2012a/bin/glnxa64/libmwuinone.so
7febe7539000-7febe753a000 rw-p 00005000 fd:03 1838421                    /opt/software/matlabR2012a/bin/glnxa64/libmwuinone.so
7febe753a000-7febe753b000 rw-p 00000000 00:00 0 
7febe753b000-7febe75e4000 r-xp 00000000 fd:03 1838427                    /opt/software/matlabR2012a/bin/glnxa64/libmwudd_mi.so
7febe75e4000-7febe77e4000 ---p 000a9000 fd:03 1838427                    /opt/software/matlabR2012a/bin/glnxa64/libmwudd_mi.so
7febe77e4000-7febe77f0000 rw-p 000a9000 fd:03 1838427                    /opt/software/matlabR2012a/bin/glnxa64/libmwudd_mi.so
7febe77f0000-7febe77f1000 rw-p 00000000 00:00 0 
7febe77f1000-7febe7836000 r-xp 00000000 fd:03 1838395                    /opt/software/matlabR2012a/bin/glnxa64/libuij.so
7febe7836000-7febe7a36000 ---p 00045000 fd:03 1838395                    /opt/software/matlabR2012a/bin/glnxa64/libuij.so
7febe7a36000-7febe7a39000 rw-p 00045000 fd:03 1838395                    /opt/software/matlabR2012a/bin/glnxa64/libuij.so
7febe7a39000-7febe7b52000 r-xp 00000000 fd:03 1838404                    /opt/software/matlabR2012a/bin/glnxa64/libmwhgutils.so
7febe7b52000-7febe7d51000 ---p 00119000 fd:03 1838404                    /opt/software/matlabR2012a/bin/glnxa64/libmwhgutils.so
7febe7d51000-7febe7d67000 rw-p 00118000 fd:03 1838404                    /opt/software/matlabR2012a/bin/glnxa64/libmwhgutils.so
7febe7d67000-7febe7d68000 rw-p 00000000 00:00 0 
7febe7d68000-7febe8ac7000 r-xp 00000000 fd:03 1838363                    /opt/software/matlabR2012a/bin/glnxa64/libmwhg.so
7febe8ac7000-7febe8cc6000 ---p 00d5f000 fd:03 1838363                    /opt/software/matlabR2012a/bin/glnxa64/libmwhg.so
7febe8cc6000-7febe8ddc000 rw-p 00d5e000 fd:03 1838363                    /opt/software/matlabR2012a/bin/glnxa64/libmwhg.so
7febe8ddc000-7febe8de9000 rw-p 00000000 00:00 0 
7febe8de9000-7febe8efb000 r-xp 00000000 fd:03 1838383                    /opt/software/matlabR2012a/bin/glnxa64/libmwgui.so
7febe8efb000-7febe90fa000 ---p 00112000 fd:03 1838383                    /opt/software/matlabR2012a/bin/glnxa64/libmwgui.so
7febe90fa000-7febe9136000 rw-p 00111000 fd:03 1838383                    /opt/software/matlabR2012a/bin/glnxa64/libmwgui.so
7febe9136000-7febe9137000 rw-p 00000000 00:00 0 
7febe9137000-7febe93a6000 r-xp 00000000 fd:03 1838405                    /opt/software/matlabR2012a/bin/glnxa64/libmwmcos.so
7febe93a6000-7febe95a6000 ---p 0026f000 fd:03 1838405                    /opt/software/matlabR2012a/bin/glnxa64/libmwmcos.so
7febe95a6000-7febe95d0000 rw-p 0026f000 fd:03 1838405                    /opt/software/matlabR2012a/bin/glnxa64/libmwmcos.so
7febe95d0000-7febe95d1000 rw-p 00000000 00:00 0 
7febe95d1000-7febe95d8000 r-xp 00000000 fd:03 1838390                    /opt/software/matlabR2012a/bin/glnxa64/libmwmtok.so
7febe95d8000-7febe97d8000 ---p 00007000 fd:03 1838390                    /opt/software/matlabR2012a/bin/glnxa64/libmwmtok.so
7febe97d8000-7febe97d9000 rw-p 00007000 fd:03 1838390                    /opt/software/matlabR2012a/bin/glnxa64/libmwmtok.so
7febe97d9000-7febe985e000 r-xp 00000000 fd:03 1838368                    /opt/software/matlabR2012a/bin/glnxa64/libmwmlint.so
7febe985e000-7febe9a5d000 ---p 00085000 fd:03 1838368                    /opt/software/matlabR2012a/bin/glnxa64/libmwmlint.so
7febe9a5d000-7febe9a65000 rw-p 00084000 fd:03 1838368                    /opt/software/matlabR2012a/bin/glnxa64/libmwmlint.so
7febe9a65000-7febe9a67000 rw-p 00000000 00:00 0 
7febe9a67000-7febe9b4b000 r-xp 00000000 fd:03 1838380                    /opt/software/matlabR2012a/bin/glnxa64/libmwudd.so
7febe9b4b000-7febe9d4b000 ---p 000e4000 fd:03 1838380                    /opt/software/matlabR2012a/bin/glnxa64/libmwudd.so
7febe9d4b000-7febe9d62000 rw-p 000e4000 fd:03 1838380                    /opt/software/matlabR2012a/bin/glnxa64/libmwudd.so
7febe9d62000-7febe9d65000 rw-p 00000000 00:00 0 
7febe9d65000-7febe9fd1000 r-xp 00000000 fd:03 1838384                    /opt/software/matlabR2012a/bin/glnxa64/libmwm_parser.so
7febe9fd1000-7febea1d1000 ---p 0026c000 fd:03 1838384                    /opt/software/matlabR2012a/bin/glnxa64/libmwm_parser.so
7febea1d1000-7febea673000 rw-p 0026c000 fd:03 1838384                    /opt/software/matlabR2012a/bin/glnxa64/libmwm_parser.so
7febea673000-7febea693000 r-xp 00000000 fd:03 1838412                    /opt/software/matlabR2012a/bin/glnxa64/libmex.so
7febea693000-7febea893000 ---p 00020000 fd:03 1838412                    /opt/software/matlabR2012a/bin/glnxa64/libmex.so
7febea893000-7febea895000 rw-p 00020000 fd:03 1838412                    /opt/software/matlabR2012a/bin/glnxa64/libmex.so
7febea895000-7febea896000 rw-p 00000000 00:00 0 
7febea896000-7febea897000 r-xp 00000000 fd:03 1837639                    /opt/software/matlabR2012a/bin/glnxa64/libmwnativejava_services.so
7febea897000-7febeaa97000 ---p 00001000 fd:03 1837639                    /opt/software/matlabR2012a/bin/glnxa64/libmwnativejava_services.so
7febeaa97000-7febeaa98000 rw-p 00001000 fd:03 1837639                    /opt/software/matlabR2012a/bin/glnxa64/libmwnativejava_services.so
7febeaa98000-7febeade5000 r-xp 00000000 fd:03 1838366                    /opt/software/matlabR2012a/bin/glnxa64/libmwiqm.so
7febeade5000-7febeafe4000 ---p 0034d000 fd:03 1838366                    /opt/software/matlabR2012a/bin/glnxa64/libmwiqm.so
7febeafe4000-7febeb00a000 rw-p 0034c000 fd:03 1838366                    /opt/software/matlabR2012a/bin/glnxa64/libmwiqm.so
7febeb00a000-7febeb011000 rw-p 00000000 00:00 0 
7febeb011000-7febeb080000 r-xp 00000000 fd:03 1837488                    /opt/software/matlabR2012a/bin/glnxa64/libboost_serialization.so.1.44.0
7febeb080000-7febeb280000 ---p 0006f000 fd:03 1837488                    /opt/software/matlabR2012a/bin/glnxa64/libboost_serialization.so.1.44.0
7febeb280000-7febeb284000 rw-p 0006f000 fd:03 1837488                    /opt/software/matlabR2012a/bin/glnxa64/libboost_serialization.so.1.44.0
7febeb284000-7febeb297000 r-xp 00000000 fd:03 1837649                    /opt/software/matlabR2012a/bin/glnxa64/libmwMATLAB_settings_res.so
7febeb297000-7febeb496000 ---p 00013000 fd:03 1837649                    /opt/software/matlabR2012a/bin/glnxa64/libmwMATLAB_settings_res.so
7febeb496000-7febeb497000 rw-p 00012000 fd:03 1837649                    /opt/software/matlabR2012a/bin/glnxa64/libmwMATLAB_settings_res.so
7febeb497000-7febeb498000 rw-p 00000000 00:00 0 
7febeb498000-7febeb4a9000 r-xp 00000000 fd:03 1837648                    /opt/software/matlabR2012a/bin/glnxa64/libmwmfl_scalar.so
7febeb4a9000-7febeb6a8000 ---p 00011000 fd:03 1837648                    /opt/software/matlabR2012a/bin/glnxa64/libmwmfl_scalar.so
7febeb6a8000-7febeb6a9000 rw-p 00010000 fd:03 1837648                    /opt/software/matlabR2012a/bin/glnxa64/libmwmfl_scalar.so
7febeb6a9000-7febebb2f000 r-xp 00000000 fd:03 1838373                    /opt/software/matlabR2012a/bin/glnxa64/libmwmlutil.so
7febebb2f000-7febebd2e000 ---p 00486000 fd:03 1838373                    /opt/software/matlabR2012a/bin/glnxa64/libmwmlutil.so
7febebd2e000-7febebd5b000 rw-p 00485000 fd:03 1838373                    /opt/software/matlabR2012a/bin/glnxa64/libmwmlutil.so
7febebd5b000-7febebd69000 rw-p 00000000 00:00 0 
7febebd69000-7febebd7c000 r-xp 00000000 fd:03 1837490                    /opt/software/matlabR2012a/bin/glnxa64/libboost_signals.so.1.44.0
7febebd7c000-7febebf7b000 ---p 00013000 fd:03 1837490                    /opt/software/matlabR2012a/bin/glnxa64/libboost_signals.so.1.44.0
7febebf7b000-7febebf7c000 rw-p 00012000 fd:03 1837490                    /opt/software/matlabR2012a/bin/glnxa64/libboost_signals.so.1.44.0
7febebf7c000-7febec082000 r-xp 00000000 fd:03 1837489                    /opt/software/matlabR2012a/bin/glnxa64/libboost_regex.so.1.44.0
7febec082000-7febec282000 ---p 00106000 fd:03 1837489                    /opt/software/matlabR2012a/bin/glnxa64/libboost_regex.so.1.44.0
7febec282000-7febec289000 rw-p 00106000 fd:03 1837489                    /opt/software/matlabR2012a/bin/glnxa64/libboost_regex.so.1.44.0
7febec289000-7febec2aa000 r-xp 00000000 fd:03 1837491                    /opt/software/matlabR2012a/bin/glnxa64/libboost_filesystem.so.1.44.0
7febec2aa000-7febec4a9000 ---p 00021000 fd:03 1837491                    /opt/software/matlabR2012a/bin/glnxa64/libboost_filesystem.so.1.44.0
7febec4a9000-7febec4ab000 rw-p 00020000 fd:03 1837491                    /opt/software/matlabR2012a/bin/glnxa64/libboost_filesystem.so.1.44.0
7febec4ab000-7febec4ac000 rw-p 00000000 00:00 0 
7febec4ac000-7febec79c000 r-xp 00000000 fd:03 1837614                    /opt/software/matlabR2012a/bin/glnxa64/libmwMATLAB_res.so
7febec79c000-7febec99b000 ---p 002f0000 fd:03 1837614                    /opt/software/matlabR2012a/bin/glnxa64/libmwMATLAB_res.so
7febec99b000-7febec99d000 rw-p 002ef000 fd:03 1837614                    /opt/software/matlabR2012a/bin/glnxa64/libmwMATLAB_res.so
7febec99d000-7febec9a8000 rw-p 00000000 00:00 0 
7febec9a8000-7febec9aa000 r-xp 00000000 fd:03 1837516                    /opt/software/matlabR2012a/bin/glnxa64/libmwresource_core.so
7febec9aa000-7febecba9000 ---p 00002000 fd:03 1837516                    /opt/software/matlabR2012a/bin/glnxa64/libmwresource_core.so
7febecba9000-7febecbaa000 rw-p 00001000 fd:03 1837516                    /opt/software/matlabR2012a/bin/glnxa64/libmwresource_core.so
7febecbaa000-7febecbab000 rw-p 00000000 00:00 0 
7febecbab000-7febecbc5000 r-xp 00000000 fd:03 1837515                    /opt/software/matlabR2012a/bin/glnxa64/libtbbmalloc.so.2
7febecbc5000-7febeccc4000 ---p 0001a000 fd:03 1837515                    /opt/software/matlabR2012a/bin/glnxa64/libtbbmalloc.so.2
7febeccc4000-7febeccc7000 rw-p 00019000 fd:03 1837515                    /opt/software/matlabR2012a/bin/glnxa64/libtbbmalloc.so.2
7febeccc7000-7febeccd4000 rw-p 00000000 00:00 0 
7febeccd4000-7febecd0e000 r-xp 00000000 fd:03 1837514                    /opt/software/matlabR2012a/bin/glnxa64/libtbb.so.2
7febecd0e000-7febece0e000 ---p 0003a000 fd:03 1837514                    /opt/software/matlabR2012a/bin/glnxa64/libtbb.so.2
7febece0e000-7febece12000 rw-p 0003a000 fd:03 1837514                    /opt/software/matlabR2012a/bin/glnxa64/libtbb.so.2
7febece12000-7febece13000 rw-p 00000000 00:00 0 
7febece13000-7febece1e000 r-xp 00000000 fd:03 1837486                    /opt/software/matlabR2012a/bin/glnxa64/libicuio.so.44.2
7febece1e000-7febed01e000 ---p 0000b000 fd:03 1837486                    /opt/software/matlabR2012a/bin/glnxa64/libicuio.so.44.2
7febed01e000-7febed020000 rw-p 0000b000 fd:03 1837486                    /opt/software/matlabR2012a/bin/glnxa64/libicuio.so.44.2
7febed020000-7febed021000 rw-p 00000000 00:00 0 
7febed021000-7febed213000 r-xp 00000000 fd:03 1837482                    /opt/software/matlabR2012a/bin/glnxa64/libicui18n.so.44.2
7febed213000-7febed412000 ---p 001f2000 fd:03 1837482                    /opt/software/matlabR2012a/bin/glnxa64/libicui18n.so.44.2
7febed412000-7febed41e000 rw-p 001f1000 fd:03 1837482                    /opt/software/matlabR2012a/bin/glnxa64/libicui18n.so.44.2
7febed41e000-7febed56f000 r-xp 00000000 fd:03 1837480                    /opt/software/matlabR2012a/bin/glnxa64/libicuuc.so.44.2
7febed56f000-7febed76f000 ---p 00151000 fd:03 1837480                    /opt/software/matlabR2012a/bin/glnxa64/libicuuc.so.44.2
7febed76f000-7febed77f000 rw-p 00151000 fd:03 1837480                    /opt/software/matlabR2012a/bin/glnxa64/libicuuc.so.44.2
7febed77f000-7febed782000 rw-p 00000000 00:00 0 
7febed782000-7febee5c2000 r--p 00000000 fd:03 1837481                    /opt/software/matlabR2012a/bin/glnxa64/libicudata.so.44.2
7febee5c2000-7febee7c1000 ---p 00e40000 fd:03 1837481                    /opt/software/matlabR2012a/bin/glnxa64/libicudata.so.44.2
7febee7c1000-7febee7c2000 rw-p 00e3f000 fd:03 1837481                    /opt/software/matlabR2012a/bin/glnxa64/libicudata.so.44.2
7febee7c2000-7febee7c3000 rw-p 00000000 00:00 0 
7febee7c3000-7febee7e9000 r-xp 00000000 fd:03 1837600                    /opt/software/matlabR2012a/bin/glnxa64/libexpat.so.1.5.0
7febee7e9000-7febee9e8000 ---p 00026000 fd:03 1837600                    /opt/software/matlabR2012a/bin/glnxa64/libexpat.so.1.5.0
7febee9e8000-7febee9eb000 rw-p 00025000 fd:03 1837600                    /opt/software/matlabR2012a/bin/glnxa64/libexpat.so.1.5.0
7febee9eb000-7febeea01000 r-xp 00000000 fd:03 1837493                    /opt/software/matlabR2012a/bin/glnxa64/libboost_thread.so.1.44.0
7febeea01000-7febeec00000 ---p 00016000 fd:03 1837493                    /opt/software/matlabR2012a/bin/glnxa64/libboost_thread.so.1.44.0
7febeec00000-7febeec02000 rw-p 00015000 fd:03 1837493                    /opt/software/matlabR2012a/bin/glnxa64/libboost_thread.so.1.44.0
7febeec02000-7febeec04000 r-xp 00000000 fd:03 1837497                    /opt/software/matlabR2012a/bin/glnxa64/libboost_system.so.1.44.0
7febeec04000-7febeee04000 ---p 00002000 fd:03 1837497                    /opt/software/matlabR2012a/bin/glnxa64/libboost_system.so.1.44.0
7febeee04000-7febeee05000 rw-p 00002000 fd:03 1837497                    /opt/software/matlabR2012a/bin/glnxa64/libboost_system.so.1.44.0
7febeee05000-7febeee06000 rw-p 00000000 00:00 0 
7febeee06000-7febeee17000 r-xp 00000000 fd:03 1837500                    /opt/software/matlabR2012a/bin/glnxa64/libboost_date_time.so.1.44.0
7febeee17000-7febef016000 ---p 00011000 fd:03 1837500                    /opt/software/matlabR2012a/bin/glnxa64/libboost_date_time.so.1.44.0
7febef016000-7febef018000 rw-p 00010000 fd:03 1837500                    /opt/software/matlabR2012a/bin/glnxa64/libboost_date_time.so.1.44.0
7febef018000-7febef019000 rw-p 00000000 00:00 0 
7febef019000-7febef02f000 r-xp 00000000 fd:03 1844700                    /opt/software/matlabR2012a/bin/glnxa64/libgcc_s.so.1
7febef02f000-7febef22e000 ---p 00016000 fd:03 1844700                    /opt/software/matlabR2012a/bin/glnxa64/libgcc_s.so.1
7febef22e000-7febef22f000 rw-p 00015000 fd:03 1844700                    /opt/software/matlabR2012a/bin/glnxa64/libgcc_s.so.1
7febef22f000-7febef230000 rw-p 00000000 00:00 0 
7febef233000-7febef23b000 rw-s 00000000 fd:03 654516                     /tmp/hsperfdata_cuizaixu/2363
7febef23b000-7febef23c000 rw-p 00000000 00:00 0 
7febef23c000-7febef243000 r--s 00000000 fd:03 920225                     /usr/lib64/gconv/gconv-modules.cache
7febef243000-7febef334000 r-xp 00000000 fd:03 1844701                    /opt/software/matlabR2012a/bin/glnxa64/libstdc++.so.6.0.13
7febef334000-7febef534000 ---p 000f1000 fd:03 1844701                    /opt/software/matlabR2012a/bin/glnxa64/libstdc++.so.6.0.13
7febef534000-7febef53b000 r--p 000f1000 fd:03 1844701                    /opt/software/matlabR2012a/bin/glnxa64/libstdc++.so.6.0.13
7febef53b000-7febef53d000 rw-p 000f8000 fd:03 1844701                    /opt/software/matlabR2012a/bin/glnxa64/libstdc++.so.6.0.13
7febef53d000-7febef552000 rw-p 00000000 00:00 0 
7febef552000-7febef5e1000 r-xp 00000000 fd:03 1837620                    /opt/software/matlabR2012a/bin/glnxa64/libmwi18n.so
7febef5e1000-7febef7e0000 ---p 0008f000 fd:03 1837620                    /opt/software/matlabR2012a/bin/glnxa64/libmwi18n.so
7febef7e0000-7febef7e6000 rw-p 0008e000 fd:03 1837620                    /opt/software/matlabR2012a/bin/glnxa64/libmwi18n.so
7febef7e6000-7febef7e7000 rw-p 00000000 00:00 0 
7febef7e7000-7febefd1b000 r-xp 00000000 fd:03 1838417                    /opt/software/matlabR2012a/bin/glnxa64/libmwm_interpreter.so
7febefd1b000-7febeff1a000 ---p 00534000 fd:03 1838417                    /opt/software/matlabR2012a/bin/glnxa64/libmwm_interpreter.so
7febeff1a000-7febefff7000 rw-p 00533000 fd:03 1838417                    /opt/software/matlabR2012a/bin/glnxa64/libmwm_interpreter.so
7febefff7000-7febf0091000 rw-p 00000000 00:00 0 
7febf0091000-7febf0126000 r-xp 00000000 fd:03 1838413                    /opt/software/matlabR2012a/bin/glnxa64/libmwm_dispatcher.so
7febf0126000-7febf0325000 ---p 00095000 fd:03 1838413                    /opt/software/matlabR2012a/bin/glnxa64/libmwm_dispatcher.so
7febf0325000-7febf032c000 rw-p 00094000 fd:03 1838413                    /opt/software/matlabR2012a/bin/glnxa64/libmwm_dispatcher.so
7febf032c000-7febf0496000 r-xp 00000000 fd:03 1838375                    /opt/software/matlabR2012a/bin/glnxa64/libmwmcr.so
7febf0496000-7febf0696000 ---p 0016a000 fd:03 1838375                    /opt/software/matlabR2012a/bin/glnxa64/libmwmcr.so
7febf0696000-7febf06a8000 rw-p 0016a000 fd:03 1838375                    /opt/software/matlabR2012a/bin/glnxa64/libmwmcr.so
7febf06a8000-7febf06ac000 rw-p 00000000 00:00 0 
7febf06ac000-7febf06de000 r-xp 00000000 fd:03 1838382                    /opt/software/matlabR2012a/bin/glnxa64/libmwbridge.so
7febf06de000-7febf08de000 ---p 00032000 fd:03 1838382                    /opt/software/matlabR2012a/bin/glnxa64/libmwbridge.so
7febf08de000-7febf08e1000 rw-p 00032000 fd:03 1838382                    /opt/software/matlabR2012a/bin/glnxa64/libmwbridge.so
7febf08e1000-7febf08e7000 rw-p 00000000 00:00 0 
7febf08e7000-7febf0987000 r-xp 00000000 fd:03 1838367                    /opt/software/matlabR2012a/bin/glnxa64/libmwjmi.so
7febf0987000-7febf0b86000 ---p 000a0000 fd:03 1838367                    /opt/software/matlabR2012a/bin/glnxa64/libmwjmi.so
7febf0b86000-7febf0b8e000 rw-p 0009f000 fd:03 1838367                    /opt/software/matlabR2012a/bin/glnxa64/libmwjmi.so
7febf0b8e000-7febf0b8f000 rw-p 00000000 00:00 0 
7febf0b8f000-7febf0dfd000 r-xp 00000000 fd:03 1838407                    /opt/software/matlabR2012a/bin/glnxa64/libmwservices.so
7febf0dfd000-7febf0ffc000 ---p 0026e000 fd:03 1838407                    /opt/software/matlabR2012a/bin/glnxa64/libmwservices.so
7febf0ffc000-7febf1013000 rw-p 0026d000 fd:03 1838407                    /opt/software/matlabR2012a/bin/glnxa64/libmwservices.so
7febf1013000-7febf1022000 rw-p 00000000 00:00 0 
7febf1022000-7febf105f000 r-xp 00000000 fd:03 1838371                    /opt/software/matlabR2012a/bin/glnxa64/libmwmpath.so
7febf105f000-7febf125f000 ---p 0003d000 fd:03 1838371                    /opt/software/matlabR2012a/bin/glnxa64/libmwmpath.so
7febf125f000-7febf1262000 rw-p 0003d000 fd:03 1838371                    /opt/software/matlabR2012a/bin/glnxa64/libmwmpath.so
7febf1262000-7febf1265000 rw-p 00000000 00:00 0 
7febf1265000-7febf131b000 r-xp 00000000 fd:03 1837616                    /opt/software/matlabR2012a/bin/glnxa64/libmx.so
7febf131b000-7febf151a000 ---p 000b6000 fd:03 1837616                    /opt/software/matlabR2012a/bin/glnxa64/libmx.so
7febf151a000-7febf151f000 rw-p 000b5000 fd:03 1837616                    /opt/software/matlabR2012a/bin/glnxa64/libmx.so
7febf151f000-7febf15fd000 r-xp 00000000 fd:03 1837621                    /opt/software/matlabR2012a/bin/glnxa64/libmwfl.so
7febf15fd000-7febf17fc000 ---p 000de000 fd:03 1837621                    /opt/software/matlabR2012a/bin/glnxa64/libmwfl.so
7febf17fc000-7febf1806000 rw-p 000dd000 fd:03 1837621                    /opt/software/matlabR2012a/bin/glnxa64/libmwfl.so
7febf1806000-7febf1817000 rw-p 00000000 00:00 0 
7febf1817000-7febf18ed000 r-xp 00000000 fd:03 1837615                    /opt/software/matlabR2012a/bin/glnxa64/libut.so
7febf18ed000-7febf1aed000 ---p 000d6000 fd:03 1837615                    /opt/software/matlabR2012a/bin/glnxa64/libut.so
7febf1aed000-7febf1af9000 rw-p 000d6000 fd:03 1837615                    /opt/software/matlabR2012a/bin/glnxa64/libut.so
7febf1af9000-7febf1b0c000 rw-p 00000000 00:00 0 
7fff4229c000-7fff422b1000 rwxp 00000000 00:00 0                          [stack]
7fff422b1000-7fff422b2000 rw-p 00000000 00:00 0 
7fff423ff000-7fff42400000 r-xp 00000000 00:00 0                          [vdso]
ffffffffff600000-ffffffffff601000 r-xp 00000000 00:00 0                  [vsyscall]

VM Arguments:
jvm_args: -Xms64m -XX:NewRatio=3 -XX:MaxPermSize=128m -Xmx196m -XX:MaxDirectMemorySize=2147400000 -XX:+AllowUserSignalHandlers -Xrs -Dsun.awt.disableMixing=true -Djava.library.path=/opt/software/matlabR2012a/bin/glnxa64 vfprintf abort -Djava.awt.headless=true -Duser.language=en -Duser.country=US -Dfile.encoding=UTF-8 
java_command: <unknown>
Launcher Type: generic

Environment Variables:
PATH=/opt/software/fsl-5.0.0/bin:/opt/software/linux_xorg7_64:/opt/software/mrtrix-0.2.10/bin:/opt/software/TrackVis_64bit:/opt/software/linux_xorg7_64:/opt/software/fsl-5.0.0/bin:/opt/software/mricron:/opt/software/TrackVis_64bit:/gridware/sge/bin/lx24-amd64:/opt/software/matlabR2012a/bin:/opt/software/freesurfer-5.1.0-64/bin:/opt/software/freesurfer-5.1.0-64/bin:/opt/software/freesurfer-5.1.0-64/fsfast/bin:/opt/software/freesurfer-5.1.0-64/tktools:/opt/software/freesurfer-5.1.0-64/mni/bin:/gridware/sge/bin/lx24-amd64:/usr/lib64/qt-3.3/bin:/usr/local/bin:/bin:/usr/bin:/usr/local/sbin:/usr/sbin:/sbin:/home/cuizaixu/bin
LD_LIBRARY_PATH=/opt/software/matlabR2012a/sys/os/glnxa64:/opt/software/matlabR2012a/bin/glnxa64:/opt/software/matlabR2012a/extern/lib/glnxa64:/opt/software/matlabR2012a/runtime/glnxa64:/opt/software/matlabR2012a/sys/java/jre/glnxa64/jre/lib/amd64/native_threads:/opt/software/matlabR2012a/sys/java/jre/glnxa64/jre/lib/amd64/server:/opt/software/matlabR2012a/sys/java/jre/glnxa64/jre/lib/amd64
SHELL=/bin/bash
DISPLAY=
ARCH=glnxa64
OS=Linux

Signal Handlers:
SIGSEGV: [libjvm.so+0x6bddc0], sa_mask[0]=0x7ffbfeff, sa_flags=0x10000004
SIGBUS: [libjvm.so+0x6bddc0], sa_mask[0]=0x7ffbfeff, sa_flags=0x10000004
SIGFPE: [libjvm.so+0x594f90], sa_mask[0]=0x7ffbfeff, sa_flags=0x10000004
SIGPIPE: [libjvm.so+0x594f90], sa_mask[0]=0x7ffbfeff, sa_flags=0x10000004
SIGXFSZ: [libjvm.so+0x594f90], sa_mask[0]=0x7ffbfeff, sa_flags=0x10000004
SIGILL: [libjvm.so+0x594f90], sa_mask[0]=0x7ffbfeff, sa_flags=0x10000004
SIGUSR1: SIG_DFL, sa_mask[0]=0x00000000, sa_flags=0x00000000
SIGUSR2: [libjvm.so+0x597750], sa_mask[0]=0x08080002, sa_flags=0x10000004
SIGHUP: SIG_DFL, sa_mask[0]=0x00000000, sa_flags=0x00000000
SIGINT: SIG_DFL, sa_mask[0]=0x00000000, sa_flags=0x00000000
SIGTERM: SIG_DFL, sa_mask[0]=0x00000000, sa_flags=0x00000000
SIGQUIT: [libmwmcr.so+0x131430], sa_mask[0]=0x08080002, sa_flags=0x00000004


---------------  S Y S T E M  ---------------

OS:CentOS release 6.3 (Final)

uname:Linux 2.6.32-279.9.1.el6.x86_64 #1 SMP Tue Sep 25 21:43:11 UTC 2012 x86_64
libc:glibc 2.12 NPTL 2.12 
rlimit: STACK 10240k, CORE 0k, NPROC 1024, NOFILE 4096, AS infinity
load average:17.66 12.87 6.56

CPU:total 24 (16 cores per cpu, 2 threads per core) family 6 model 44 stepping 2, cmov, cx8, fxsr, mmx, sse, sse2, sse3, ssse3, sse4.1, sse4.2, ht

Memory: 4k page, physical 28732164k(21754348k free), swap 14417912k(14417912k free)

vm_info: Java HotSpot(TM) 64-Bit Server VM (14.3-b01) for linux-amd64 JRE (1.6.0_17-b04), built on Oct 11 2009 01:08:48 by "java_re" with gcc 3.2.2 (SuSE Linux)

time: Wed Oct  1 06:06:03 2014
elapsed time: 0 seconds

